<?xml version="1.0" encoding="UTF-8"?>
<!-- Generated by org.testng.reporters.JUnitReportReporter -->
<testsuite hostname="MAVBCP2048" failures="0" tests="2" name="someSubject.MultipleNg" time="22.494" errors="0" timestamp="2021-02-22T13:22:43 IST" skipped="0">
  <testcase classname="someSubject.MultipleNg" name="Accessing" time="11.853"/>
  <system-out/>
  <testcase classname="someSubject.MultipleNg" name="Accessing" time="10.641"/>
  <system-out/>
</testsuite> <!-- someSubject.MultipleNg -->
